  listen.cpp
  mThreadPC.c
  printInfo.cpp
c:\program files\pothossdr\include\soapysdr\types.hpp(104): warning C4251: 'SoapySDR::ArgInfo::key': class 'std::basic_string<char,std::char_traits<char>,std::allocator<char>>' needs to have dll-interface to be used by clients of class 'SoapySDR::ArgInfo' (compiling source file ..\..\printInfo.cpp)
  c:\program files (x86)\microsoft visual studio\2017\community\vc\tools\msvc\14.16.27023\include\xstring(4373): note: see declaration of 'std::basic_string<char,std::char_traits<char>,std::allocator<char>>' (compiling source file ..\..\printInfo.cpp)
c:\program files\pothossdr\include\soapysdr\types.hpp(111): warning C4251: 'SoapySDR::ArgInfo::value': class 'std::basic_string<char,std::char_traits<char>,std::allocator<char>>' needs to have dll-interface to be used by clients of class 'SoapySDR::ArgInfo' (compiling source file ..\..\printInfo.cpp)
  c:\program files (x86)\microsoft visual studio\2017\community\vc\tools\msvc\14.16.27023\include\xstring(4373): note: see declaration of 'std::basic_string<char,std::char_traits<char>,std::allocator<char>>' (compiling source file ..\..\printInfo.cpp)
c:\program files\pothossdr\include\soapysdr\types.hpp(114): warning C4251: 'SoapySDR::ArgInfo::name': class 'std::basic_string<char,std::char_traits<char>,std::allocator<char>>' needs to have dll-interface to be used by clients of class 'SoapySDR::ArgInfo' (compiling source file ..\..\printInfo.cpp)
  c:\program files (x86)\microsoft visual studio\2017\community\vc\tools\msvc\14.16.27023\include\xstring(4373): note: see declaration of 'std::basic_string<char,std::char_traits<char>,std::allocator<char>>' (compiling source file ..\..\printInfo.cpp)
c:\program files\pothossdr\include\soapysdr\types.hpp(117): warning C4251: 'SoapySDR::ArgInfo::description': class 'std::basic_string<char,std::char_traits<char>,std::allocator<char>>' needs to have dll-interface to be used by clients of class 'SoapySDR::ArgInfo' (compiling source file ..\..\printInfo.cpp)
  c:\program files (x86)\microsoft visual studio\2017\community\vc\tools\msvc\14.16.27023\include\xstring(4373): note: see declaration of 'std::basic_string<char,std::char_traits<char>,std::allocator<char>>' (compiling source file ..\..\printInfo.cpp)
c:\program files\pothossdr\include\soapysdr\types.hpp(120): warning C4251: 'SoapySDR::ArgInfo::units': class 'std::basic_string<char,std::char_traits<char>,std::allocator<char>>' needs to have dll-interface to be used by clients of class 'SoapySDR::ArgInfo' (compiling source file ..\..\printInfo.cpp)
  c:\program files (x86)\microsoft visual studio\2017\community\vc\tools\msvc\14.16.27023\include\xstring(4373): note: see declaration of 'std::basic_string<char,std::char_traits<char>,std::allocator<char>>' (compiling source file ..\..\printInfo.cpp)
c:\program files\pothossdr\include\soapysdr\types.hpp(136): warning C4251: 'SoapySDR::ArgInfo::options': class 'std::vector<std::string,std::allocator<_Ty>>' needs to have dll-interface to be used by clients of class 'SoapySDR::ArgInfo'
          with
          [
              _Ty=std::string
          ] (compiling source file ..\..\printInfo.cpp)
  c:\program files\pothossdr\include\soapysdr\types.hpp(136): note: see declaration of 'std::vector<std::string,std::allocator<_Ty>>'
          with
          [
              _Ty=std::string
          ] (compiling source file ..\..\printInfo.cpp)
c:\program files\pothossdr\include\soapysdr\types.hpp(142): warning C4251: 'SoapySDR::ArgInfo::optionNames': class 'std::vector<std::string,std::allocator<_Ty>>' needs to have dll-interface to be used by clients of class 'SoapySDR::ArgInfo'
          with
          [
              _Ty=std::string
          ] (compiling source file ..\..\printInfo.cpp)
  c:\program files\pothossdr\include\soapysdr\types.hpp(136): note: see declaration of 'std::vector<std::string,std::allocator<_Ty>>'
          with
          [
              _Ty=std::string
          ] (compiling source file ..\..\printInfo.cpp)
e:\sdrglut-634\filters\tcp-support\listen.cpp(559): warning C4101: 'j': unreferenced local variable
  SampleSDR.vcxproj -> E:\SdrGlut-634\filters\tcp-support\SampleSDR6\x64\Debug\SampleSDR.exe
