The system is: Windows - 10.0.19042 - AMD64
Compiling the CXX compiler identification source file "CMakeCXXCompilerId.cpp" succeeded.
Compiler:  
Build flags: 
Id flags:  

The output was:
0
Microsoft (R) Build Engine version 16.5.0+d4cbfca49 for .NET Framework
Copyright (C) Microsoft Corporation. All rights reserved.

Build started 6/30/2021 1:41:40 PM.
Project "C:\Users\Owner\Documents\Archive\SDRPlay-indepentRX2\SoapySDRPlay\build\CMakeFiles\3.16.19112601-MSVC_2\CompilerIdCXX\CompilerIdCXX.vcxproj" on node 1 (default targets).
PrepareForBuild:
  Creating directory "Debug\".
  Creating directory "Debug\CompilerIdCXX.tlog\".
InitializeBuildStatus:
  Creating "Debug\CompilerIdCXX.tlog\unsuccessfulbuild" because "AlwaysCreate" was specified.
ClCompile:
  C:\Program Files (x86)\Microsoft Visual Studio\2019\Community\VC\Tools\MSVC\14.25.28610\bin\HostX64\x64\CL.exe /c /nologo /W0 /WX- /diagnostics:column /Od /D _MBCS /Gm- /EHsc /RTC1 /MDd /GS /fp:precise /Zc:wchar_t /Zc:forScope /Zc:inline /Fo"Debug\\" /Fd"Debug\vc142.pdb" /Gd /TP /FC /errorReport:queue CMakeCXXCompilerId.cpp
  CMakeCXXCompilerId.cpp
Link:
  C:\Program Files (x86)\Microsoft Visual Studio\2019\Community\VC\Tools\MSVC\14.25.28610\bin\HostX64\x64\link.exe /ERRORREPORT:QUEUE /OUT:".\CompilerIdCXX.exe" /INCREMENTAL:NO /NOLOGO kernel32.lib user32.lib gdi32.lib winspool.lib comdlg32.lib advapi32.lib shell32.lib ole32.lib oleaut32.lib uuid.lib odbc32.lib odbccp32.lib /MANIFEST /MANIFESTUAC:"level='asInvoker' uiAccess='false'" /manifest:embed /PDB:".\CompilerIdCXX.pdb" /SUBSYSTEM:CONSOLE /TLBID:1 /DYNAMICBASE /NXCOMPAT /IMPLIB:".\CompilerIdCXX.lib" /MACHINE:X64 Debug\CMakeCXXCompilerId.obj
  CompilerIdCXX.vcxproj -> C:\Users\Owner\Documents\Archive\SDRPlay-indepentRX2\SoapySDRPlay\build\CMakeFiles\3.16.19112601-MSVC_2\CompilerIdCXX\.\CompilerIdCXX.exe
PostBuildEvent:
  for %%i in (cl.exe) do @echo CMAKE_CXX_COMPILER=%%~$PATH:i
  :VCEnd
  CMAKE_CXX_COMPILER=C:\Program Files (x86)\Microsoft Visual Studio\2019\Community\VC\Tools\MSVC\14.25.28610\bin\Hostx64\x64\cl.exe
FinalizeBuildStatus:
  Deleting file "Debug\CompilerIdCXX.tlog\unsuccessfulbuild".
  Touching "Debug\CompilerIdCXX.tlog\CompilerIdCXX.lastbuildstate".
Done Building Project "C:\Users\Owner\Documents\Archive\SDRPlay-indepentRX2\SoapySDRPlay\build\CMakeFiles\3.16.19112601-MSVC_2\CompilerIdCXX\CompilerIdCXX.vcxproj" (default targets).

Build succeeded.
    0 Warning(s)
    0 Error(s)

Time Elapsed 00:00:01.07


Compilation of the CXX compiler identification source "CMakeCXXCompilerId.cpp" produced "CompilerIdCXX.exe"

Compilation of the CXX compiler identification source "CMakeCXXCompilerId.cpp" produced "CompilerIdCXX.vcxproj"

The CXX compiler identification is MSVC, found in "C:/Users/Owner/Documents/Archive/SDRPlay-indepentRX2/SoapySDRPlay/build/CMakeFiles/3.16.19112601-MSVC_2/CompilerIdCXX/CompilerIdCXX.exe"

Determining if the CXX compiler works passed with the following output:
Change Dir: C:/Users/Owner/Documents/Archive/SDRPlay-indepentRX2/SoapySDRPlay/build/CMakeFiles/CMakeTmp

Run Build Command(s):C:/Program Files (x86)/Microsoft Visual Studio/2019/Community/MSBuild/Current/Bin/MSBuild.exe cmTC_3f840.vcxproj /p:Configuration=Debug /p:Platform=x64 /p:VisualStudioVersion=16.0 /v:m && Microsoft (R) Build Engine version 16.5.0+d4cbfca49 for .NET Framework
Copyright (C) Microsoft Corporation. All rights reserved.

  Microsoft (R) C/C++ Optimizing Compiler Version 19.25.28614 for x64
  Copyright (C) Microsoft Corporation.  All rights reserved.
  testCXXCompiler.cxx
  cl /c /Zi /W3 /WX- /diagnostics:column /Od /Ob0 /D WIN32 /D _WINDOWS /D "CMAKE_INTDIR=\"Debug\"" /D _MBCS /Gm- /EHsc /RTC1 /MDd /GS /fp:precise /Zc:wchar_t /Zc:forScope /Zc:inline /GR /Fo"cmTC_3f840.dir\Debug\\" /Fd"cmTC_3f840.dir\Debug\vc142.pdb" /Gd /TP /errorReport:queue "C:\Users\Owner\Documents\Archive\SDRPlay-indepentRX2\SoapySDRPlay\build\CMakeFiles\CMakeTmp\testCXXCompiler.cxx"
  cmTC_3f840.vcxproj -> C:\Users\Owner\Documents\Archive\SDRPlay-indepentRX2\SoapySDRPlay\build\CMakeFiles\CMakeTmp\Debug\cmTC_3f840.exe



Detecting CXX compiler ABI info compiled with the following output:
Change Dir: C:/Users/Owner/Documents/Archive/SDRPlay-indepentRX2/SoapySDRPlay/build/CMakeFiles/CMakeTmp

Run Build Command(s):C:/Program Files (x86)/Microsoft Visual Studio/2019/Community/MSBuild/Current/Bin/MSBuild.exe cmTC_8f101.vcxproj /p:Configuration=Debug /p:Platform=x64 /p:VisualStudioVersion=16.0 /v:m && Microsoft (R) Build Engine version 16.5.0+d4cbfca49 for .NET Framework
Copyright (C) Microsoft Corporation. All rights reserved.

  Microsoft (R) C/C++ Optimizing Compiler Version 19.25.28614 for x64
  Copyright (C) Microsoft Corporation.  All rights reserved.
  CMakeCXXCompilerABI.cpp
  cl /c /Zi /W3 /WX- /diagnostics:column /Od /Ob0 /D WIN32 /D _WINDOWS /D "CMAKE_INTDIR=\"Debug\"" /D _MBCS /Gm- /EHsc /RTC1 /MDd /GS /fp:precise /Zc:wchar_t /Zc:forScope /Zc:inline /GR /Fo"cmTC_8f101.dir\Debug\\" /Fd"cmTC_8f101.dir\Debug\vc142.pdb" /Gd /TP /errorReport:queue "C:\Program Files (x86)\Microsoft Visual Studio\2019\Community\Common7\IDE\CommonExtensions\Microsoft\CMake\CMake\share\cmake-3.16\Modules\CMakeCXXCompilerABI.cpp"
  cmTC_8f101.vcxproj -> C:\Users\Owner\Documents\Archive\SDRPlay-indepentRX2\SoapySDRPlay\build\CMakeFiles\CMakeTmp\Debug\cmTC_8f101.exe



